0 info it worked if it ends with ok
1 verbose cli [ '/usr/bin/node', '/usr/bin/npm', 'install', '-g', 'browserify' ]
2 info using npm@1.4.28
3 info using node@v0.10.36
4 verbose node symlink /usr/bin/node
5 verbose cache add [ 'browserify', null ]
6 verbose cache add name=undefined spec="browserify" args=["browserify",null]
7 verbose parsed url { protocol: null,
7 verbose parsed url   slashes: null,
7 verbose parsed url   auth: null,
7 verbose parsed url   host: null,
7 verbose parsed url   port: null,
7 verbose parsed url   hostname: null,
7 verbose parsed url   hash: null,
7 verbose parsed url   search: null,
7 verbose parsed url   query: null,
7 verbose parsed url   pathname: 'browserify',
7 verbose parsed url   path: 'browserify',
7 verbose parsed url   href: 'browserify' }
8 silly lockFile 84c1c54e-browserify browserify
9 verbose lock browserify /home/fernando/.npm/84c1c54e-browserify.lock
10 silly lockFile 84c1c54e-browserify browserify
11 silly lockFile 84c1c54e-browserify browserify
12 verbose addNamed [ 'browserify', '' ]
13 verbose addNamed [ null, '*' ]
14 silly lockFile 80140245-browserify browserify@
15 verbose lock browserify@ /home/fernando/.npm/80140245-browserify.lock
16 silly addNameRange { name: 'browserify', range: '*', hasData: false }
17 verbose request where is /browserify
18 verbose request registry http://registry.npmjs.org/
19 verbose request id 360a5485a80443b7
20 verbose url raw /browserify
21 verbose url resolving [ 'http://registry.npmjs.org/', './browserify' ]
22 verbose url resolved http://registry.npmjs.org/browserify
23 verbose request where is http://registry.npmjs.org/browserify
24 info trying registry request attempt 1 at 01:29:59
25 verbose etag "2L0TL4CH6LMLOYN57Y6K37T6K"
26 http GET http://registry.npmjs.org/browserify
27 http 200 http://registry.npmjs.org/browserify
28 silly registry.get cb [ 200,
28 silly registry.get   { server: 'CouchDB/1.5.0 (Erlang OTP/R16B03)',
28 silly registry.get     etag: '"AXFK4N6X8U2Q3V5HAMIBHG8BY"',
28 silly registry.get     'content-type': 'application/json',
28 silly registry.get     'cache-control': 'max-age=300',
28 silly registry.get     'content-length': '857744',
28 silly registry.get     'accept-ranges': 'bytes',
28 silly registry.get     date: 'Mon, 15 Feb 2016 07:33:32 GMT',
28 silly registry.get     via: '1.1 varnish',
28 silly registry.get     age: '203',
28 silly registry.get     connection: 'keep-alive',
28 silly registry.get     'x-served-by': 'cache-ord1734-ORD',
28 silly registry.get     'x-cache': 'HIT',
28 silly registry.get     'x-cache-hits': '27',
28 silly registry.get     'x-timer': 'S1455521612.793444,VS0,VE0',
28 silly registry.get     vary: 'Accept' } ]
29 silly addNameRange number 2 { name: 'browserify', range: '*', hasData: true }
30 silly addNameRange versions [ 'browserify',
30 silly addNameRange   [ '0.0.1',
30 silly addNameRange     '0.0.2',
30 silly addNameRange     '0.0.3',
30 silly addNameRange     '0.0.4',
30 silly addNameRange     '0.0.5',
30 silly addNameRange     '0.1.0',
30 silly addNameRange     '0.1.1',
30 silly addNameRange     '0.1.2',
30 silly addNameRange     '0.1.3',
30 silly addNameRange     '0.1.4',
30 silly addNameRange     '0.1.5',
30 silly addNameRange     '0.2.0',
30 silly addNameRange     '0.2.1',
30 silly addNameRange     '0.2.2',
30 silly addNameRange     '0.2.3',
30 silly addNameRange     '0.2.4',
30 silly addNameRange     '0.2.5',
30 silly addNameRange     '0.2.6',
30 silly addNameRange     '0.2.7',
30 silly addNameRange     '0.2.8',
30 silly addNameRange     '0.2.9',
30 silly addNameRange     '0.2.10',
30 silly addNameRange     '0.2.11',
30 silly addNameRange     '0.3.0',
30 silly addNameRange     '0.3.1',
30 silly addNameRange     '0.3.2',
30 silly addNameRange     '0.3.3',
30 silly addNameRange     '0.3.4',
30 silly addNameRange     '0.3.5',
30 silly addNameRange     '0.3.6',
30 silly addNameRange     '0.3.7',
30 silly addNameRange     '0.4.0',
30 silly addNameRange     '0.4.1',
30 silly addNameRange     '0.4.2',
30 silly addNameRange     '0.4.3',
30 silly addNameRange     '0.4.4',
30 silly addNameRange     '0.4.5',
30 silly addNameRange     '0.4.6',
30 silly addNameRange     '0.4.7',
30 silly addNameRange     '0.4.8',
30 silly addNameRange     '0.4.9',
30 silly addNameRange     '0.4.10',
30 silly addNameRange     '0.4.11',
30 silly addNameRange     '0.4.12',
30 silly addNameRange     '0.4.13',
30 silly addNameRange     '0.4.14',
30 silly addNameRange     '0.4.15',
30 silly addNameRange     '0.5.0',
30 silly addNameRange     '0.5.1',
30 silly addNameRange     '0.5.2',
30 silly addNameRange     '1.0.0',
30 silly addNameRange     '1.1.0',
30 silly addNameRange     '1.1.1',
30 silly addNameRange     '1.1.2',
30 silly addNameRange     '1.1.3',
30 silly addNameRange     '1.1.4',
30 silly addNameRange     '1.2.0',
30 silly addNameRange     '1.2.1',
30 silly addNameRange     '1.2.2',
30 silly addNameRange     '1.2.3',
30 silly addNameRange     '1.2.4',
30 silly addNameRange     '1.2.5',
30 silly addNameRange     '1.2.6',
30 silly addNameRange     '1.2.7',
30 silly addNameRange     '1.2.8',
30 silly addNameRange     '1.2.9',
30 silly addNameRange     '1.3.0',
30 silly addNameRange     '1.4.0',
30 silly addNameRange     '1.4.1',
30 silly addNameRange     '1.4.2',
30 silly addNameRange     '1.4.3',
30 silly addNameRange     '1.4.4',
30 silly addNameRange     '1.4.5',
30 silly addNameRange     '1.4.6',
30 silly addNameRange     '1.4.7',
30 silly addNameRange     '1.4.8',
30 silly addNameRange     '1.5.0',
30 silly addNameRange     '1.6.0',
30 silly addNameRange     '1.6.1',
30 silly addNameRange     '1.7.0',
30 silly addNameRange     '1.7.1',
30 silly addNameRange     '1.7.2',
30 silly addNameRange     '1.7.3',
30 silly addNameRange     '1.7.4',
30 silly addNameRange     '1.7.5',
30 silly addNameRange     '1.7.6',
30 silly addNameRange     '1.7.7',
30 silly addNameRange     '1.8.0',
30 silly addNameRange     '1.8.1',
30 silly addNameRange     '1.8.2',
30 silly addNameRange     '1.8.3',
30 silly addNameRange     '1.9.0',
30 silly addNameRange     '1.9.1',
30 silly addNameRange     '1.9.2',
30 silly addNameRange     '1.9.3',
30 silly addNameRange     '1.9.4',
30 silly addNameRange     '1.10.0',
30 silly addNameRange     '1.10.1',
30 silly addNameRange     '1.10.2',
30 silly addNameRange     '1.10.3',
30 silly addNameRange     '1.10.4',
30 silly addNameRange     '1.10.5',
30 silly addNameRange     '1.10.6',
30 silly addNameRange     '1.10.7',
30 silly addNameRange     '1.10.8',
30 silly addNameRange     '1.10.9',
30 silly addNameRange     '1.10.11',
30 silly addNameRange     '1.10.12',
30 silly addNameRange     '1.10.13',
30 silly addNameRange     '1.10.14',
30 silly addNameRange     '1.10.15',
30 silly addNameRange     '1.10.16',
30 silly addNameRange     '1.10.17',
30 silly addNameRange     '1.11.0',
30 silly addNameRange     '1.11.1',
30 silly addNameRange     '1.12.0',
30 silly addNameRange     '1.12.1',
30 silly addNameRange     '1.12.2',
30 silly addNameRange     '1.12.3',
30 silly addNameRange     '1.13.0',
30 silly addNameRange     '1.13.1',
30 silly addNameRange     '1.13.2',
30 silly addNameRange     '1.13.3',
30 silly addNameRange     '1.13.4',
30 silly addNameRange     '1.13.5',
30 silly addNameRange     '1.13.6',
30 silly addNameRange     '1.13.8',
30 silly addNameRange     '1.13.9',
30 silly addNameRange     '1.13.10',
30 silly addNameRange     '1.14.0',
30 silly addNameRange     '1.14.1',
30 silly addNameRange     '1.14.2',
30 silly addNameRange     '1.14.3',
30 silly addNameRange     '1.14.4',
30 silly addNameRange     '1.14.5',
30 silly addNameRange     '1.15.0',
30 silly addNameRange     '1.15.1',
30 silly addNameRange     '1.15.2',
30 silly addNameRange     '1.15.3',
30 silly addNameRange     '1.15.4',
30 silly addNameRange     '1.15.5',
30 silly addNameRange     '1.15.6',
30 silly addNameRange     '1.16.0',
30 silly addNameRange     '1.16.1',
30 silly addNameRange     '1.16.2',
30 silly addNameRange     '1.16.3',
30 silly addNameRange     '1.16.4',
30 silly addNameRange     '1.16.5',
30 silly addNameRange     '1.16.6',
30 silly addNameRange     '1.16.7',
30 silly addNameRange     '1.16.8',
30 silly addNameRange     '1.17.0',
30 silly addNameRange     '1.17.1',
30 silly addNameRange     '1.17.2',
30 silly addNameRange     '1.17.3',
30 silly addNameRange     '1.18.0',
30 silly addNameRange     '2.0.0',
30 silly addNameRange     '2.0.1',
30 silly addNameRange     '2.1.0',
30 silly addNameRange     '2.2.0',
30 silly addNameRange     '2.2.1',
30 silly addNameRange     '2.2.2',
30 silly addNameRange     '2.2.3',
30 silly addNameRange     '2.2.4',
30 silly addNameRange     '2.2.5',
30 silly addNameRange     '2.2.6',
30 silly addNameRange     '2.3.0',
30 silly addNameRange     '2.3.1',
30 silly addNameRange     '2.4.0',
30 silly addNameRange     '2.4.1',
30 silly addNameRange     '2.4.2',
30 silly addNameRange     '2.4.3',
30 silly addNameRange     '2.5.0',
30 silly addNameRange     '2.5.1',
30 silly addNameRange     '2.6.0',
30 silly addNameRange     '2.6.1',
30 silly addNameRange     '2.7.0',
30 silly addNameRange     '2.7.1',
30 silly addNameRange     '2.7.2',
30 silly addNameRange     '2.7.3',
30 silly addNameRange     '2.7.4',
30 silly addNameRange     '2.8.0',
30 silly addNameRange     '2.8.1',
30 silly addNameRange     '2.9.0',
30 silly addNameRange     '2.10.0',
30 silly addNameRange     '2.10.1',
30 silly addNameRange     '2.10.2',
30 silly addNameRange     '2.11.0',
30 silly addNameRange     '2.12.0',
30 silly addNameRange     '2.12.1',
30 silly addNameRange     '2.12.2',
30 silly addNameRange     '2.12.3',
30 silly addNameRange     '2.12.4',
30 silly addNameRange     '2.12.5',
30 silly addNameRange     '2.13.0',
30 silly addNameRange     '2.13.1',
30 silly addNameRange     '2.13.2',
30 silly addNameRange     '2.13.3',
30 silly addNameRange     '2.14.0',
30 silly addNameRange     '2.14.1',
30 silly addNameRange     '2.14.2',
30 silly addNameRange     '2.15.0',
30 silly addNameRange     '2.16.0',
30 silly addNameRange     '2.17.0',
30 silly addNameRange     '2.17.1',
30 silly addNameRange     '2.17.2',
30 silly addNameRange     '2.17.3',
30 silly addNameRange     '2.17.4',
30 silly addNameRange     '2.18.0',
30 silly addNameRange     '2.18.1',
30 silly addNameRange     '2.19.0',
30 silly addNameRange     '2.20.0',
30 silly addNameRange     '2.20.1',
30 silly addNameRange     '2.20.2',
30 silly addNameRange     '2.21.0',
30 silly addNameRange     '2.22.0',
30 silly addNameRange     '2.23.0',
30 silly addNameRange     '2.23.1',
30 silly addNameRange     '2.24.0',
30 silly addNameRange     '2.24.1',
30 silly addNameRange     '2.24.2',
30 silly addNameRange     '2.24.3',
30 silly addNameRange     '2.25.0',
30 silly addNameRange     '2.25.1',
30 silly addNameRange     '2.26.0',
30 silly addNameRange     '2.27.0',
30 silly addNameRange     '2.27.1',
30 silly addNameRange     '2.28.0',
30 silly addNameRange     '2.29.0',
30 silly addNameRange     '2.29.1',
30 silly addNameRange     '2.30.0',
30 silly addNameRange     '2.31.0',
30 silly addNameRange     '2.32.0',
30 silly addNameRange     '2.32.1',
30 silly addNameRange     '2.32.2',
30 silly addNameRange     '2.32.3',
30 silly addNameRange     '2.32.4',
30 silly addNameRange     '2.33.0',
30 silly addNameRange     '2.33.1',
30 silly addNameRange     '2.34.0',
30 silly addNameRange     '2.34.1',
30 silly addNameRange     '2.34.2',
30 silly addNameRange     '2.34.3',
30 silly addNameRange     '2.35.0',
30 silly addNameRange     '2.35.1',
30 silly addNameRange     '2.35.2',
30 silly addNameRange     '2.35.3',
30 silly addNameRange     '2.35.4',
30 silly addNameRange     '2.36.0',
30 silly addNameRange     '2.36.1',
30 silly addNameRange     '3.0.0',
30 silly addNameRange     '3.1.0',
30 silly addNameRange     '3.1.1',
30 silly addNameRange     '3.1.2',
30 silly addNameRange     '3.1.3',
30 silly addNameRange     '3.2.0',
30 silly addNameRange     '3.2.1',
30 silly addNameRange     '3.2.2',
30 silly addNameRange     '3.3.0',
30 silly addNameRange     '3.4.0',
30 silly addNameRange     '3.4.1',
30 silly addNameRange     '3.5.0',
30 silly addNameRange     '3.6.0',
30 silly addNameRange     '3.7.0',
30 silly addNameRange     '3.8.0',
30 silly addNameRange     '3.8.1',
30 silly addNameRange     '3.9.0',
30 silly addNameRange     '3.9.1',
30 silly addNameRange     '3.10.0',
30 silly addNameRange     '3.11.0',
30 silly addNameRange     '3.11.1',
30 silly addNameRange     '3.12.0',
30 silly addNameRange     '3.13.0',
30 silly addNameRange     '3.14.0',
30 silly addNameRange     '3.14.1',
30 silly addNameRange     '3.16.0',
30 silly addNameRange     '3.16.1',
30 silly addNameRange     '3.17.0',
30 silly addNameRange     '3.18.0',
30 silly addNameRange     '3.19.0',
30 silly addNameRange     '3.19.1',
30 silly addNameRange     '3.20.0',
30 silly addNameRange     '3.20.1',
30 silly addNameRange     '3.20.2',
30 silly addNameRange     '3.21.0',
30 silly addNameRange     '3.21.1',
30 silly addNameRange     '3.22.0',
30 silly addNameRange     '3.22.1',
30 silly addNameRange     '3.23.0',
30 silly addNameRange     '3.23.1',
30 silly addNameRange     '3.24.0',
30 silly addNameRange     '3.24.1',
30 silly addNameRange     '3.24.2',
30 silly addNameRange     '3.24.3',
30 silly addNameRange     '3.24.4',
30 silly addNameRange     '3.24.5',
30 silly addNameRange     '3.24.6',
30 silly addNameRange     '3.24.7',
30 silly addNameRange     '3.24.8',
30 silly addNameRange     '3.24.9',
30 silly addNameRange     '3.24.10',
30 silly addNameRange     '3.24.11',
30 silly addNameRange     '3.24.13',
30 silly addNameRange     '3.25.0',
30 silly addNameRange     '3.25.1',
30 silly addNameRange     '3.25.2',
30 silly addNameRange     '3.26.0',
30 silly addNameRange     '3.27.0',
30 silly addNameRange     '3.27.1',
30 silly addNameRange     '3.28.0',
30 silly addNameRange     '3.28.1',
30 silly addNameRange     '3.28.2',
30 silly addNameRange     '3.29.0',
30 silly addNameRange     '3.29.1',
30 silly addNameRange     '3.30.0',
30 silly addNameRange     '3.30.1',
30 silly addNameRange     '3.30.2',
30 silly addNameRange     '3.30.3',
30 silly addNameRange     '3.30.4',
30 silly addNameRange     '3.31.0',
30 silly addNameRange     '3.31.1',
30 silly addNameRange     '3.31.2',
30 silly addNameRange     '3.32.0',
30 silly addNameRange     '3.32.1',
30 silly addNameRange     '3.33.0',
30 silly addNameRange     '3.33.1',
30 silly addNameRange     '3.34.0',
30 silly addNameRange     '3.35.0',
30 silly addNameRange     '3.36.0',
30 silly addNameRange     '3.36.1',
30 silly addNameRange     '3.37.0',
30 silly addNameRange     '3.37.1',
30 silly addNameRange     '3.37.2',
30 silly addNameRange     '3.38.0',
30 silly addNameRange     '3.38.1',
30 silly addNameRange     '3.39.0',
30 silly addNameRange     '3.40.0',
30 silly addNameRange     '3.40.1',
30 silly addNameRange     '3.40.2',
30 silly addNameRange     '3.40.3',
30 silly addNameRange     '3.40.4',
30 silly addNameRange     '3.41.0',
30 silly addNameRange     '3.42.0',
30 silly addNameRange     '3.43.0',
30 silly addNameRange     '3.44.0',
30 silly addNameRange     '3.44.1',
30 silly addNameRange     '3.44.2',
30 silly addNameRange     '3.45.0',
30 silly addNameRange     '3.46.0',
30 silly addNameRange     '3.46.1',
30 silly addNameRange     '4.0.0',
30 silly addNameRange     '4.1.0',
30 silly addNameRange     '4.1.1',
30 silly addNameRange     '4.1.2',
30 silly addNameRange     '4.1.3',
30 silly addNameRange     '4.1.4',
30 silly addNameRange     '4.1.5',
30 silly addNameRange     '4.1.6',
30 silly addNameRange     '4.1.7',
30 silly addNameRange     '4.1.8',
30 silly addNameRange     '4.1.9',
30 silly addNameRange     '4.1.10',
30 silly addNameRange     '4.1.11',
30 silly addNameRange     '4.2.0',
30 silly addNameRange     '4.2.1',
30 silly addNameRange     '4.2.2',
30 silly addNameRange     '4.2.3',
30 silly addNameRange     '5.0.0',
30 silly addNameRange     '5.0.1',
30 silly addNameRange     '5.0.2',
30 silly addNameRange     '5.0.3',
30 silly addNameRange     '5.0.4',
30 silly addNameRange     '5.0.5',
30 silly addNameRange     '5.0.6',
30 silly addNameRange     '5.0.7',
30 silly addNameRange     '5.0.8',
30 silly addNameRange     '5.1.0',
30 silly addNameRange     '5.1.1',
30 silly addNameRange     '5.2.0',
30 silly addNameRange     '5.2.1',
30 silly addNameRange     '5.3.0',
30 silly addNameRange     '5.4.0',
30 silly addNameRange     '5.4.1',
30 silly addNameRange     '5.4.2',
30 silly addNameRange     '5.5.0',
30 silly addNameRange     '5.6.0',
30 silly addNameRange     '5.6.1',
30 silly addNameRange     '5.7.0',
30 silly addNameRange     '5.8.0',
30 silly addNameRange     '5.9.0',
30 silly addNameRange     '5.9.1',
30 silly addNameRange     '5.9.2',
30 silly addNameRange     '5.9.3',
30 silly addNameRange     '5.10.0',
30 silly addNameRange     '5.10.1',
30 silly addNameRange     '5.11.0',
30 silly addNameRange     '5.11.1',
30 silly addNameRange     '5.11.2',
30 silly addNameRange     '5.12.0',
30 silly addNameRange     '5.12.1',
30 silly addNameRange     '5.12.2',
30 silly addNameRange     '5.13.0',
30 silly addNameRange     '5.13.1',
30 silly addNameRange     '6.0.0',
30 silly addNameRange     '6.0.1',
30 silly addNameRange     '6.0.2',
30 silly addNameRange     '6.0.3',
30 silly addNameRange     '6.1.0',
30 silly addNameRange     '6.1.1',
30 silly addNameRange     '6.1.2',
30 silly addNameRange     '6.2.0',
30 silly addNameRange     '6.3.0',
30 silly addNameRange     '6.3.1',
30 silly addNameRange     '6.3.2',
30 silly addNameRange     '6.3.3',
30 silly addNameRange     '6.3.4',
30 silly addNameRange     '7.0.0',
30 silly addNameRange     '7.0.1',
30 silly addNameRange     '7.0.2',
30 silly addNameRange     '7.0.3',
30 silly addNameRange     '7.1.0',
30 silly addNameRange     '8.0.0',
30 silly addNameRange     '8.0.1',
30 silly addNameRange     '8.0.2',
30 silly addNameRange     '8.0.3',
30 silly addNameRange     '8.1.0',
30 silly addNameRange     '8.1.1',
30 silly addNameRange     '8.1.2',
30 silly addNameRange     '8.1.3',
30 silly addNameRange     '9.0.0',
30 silly addNameRange     '9.0.1',
30 silly addNameRange     '9.0.2',
30 silly addNameRange     '9.0.3',
30 silly addNameRange     '9.0.4',
30 silly addNameRange     '9.0.5',
30 silly addNameRange     '9.0.6',
30 silly addNameRange     '9.0.7',
30 silly addNameRange     '9.0.8',
30 silly addNameRange     '10.0.0',
30 silly addNameRange     '10.1.0',
30 silly addNameRange     '10.1.1',
30 silly addNameRange     '10.1.2',
30 silly addNameRange     '10.1.3',
30 silly addNameRange     '10.2.0',
30 silly addNameRange     '10.2.1',
30 silly addNameRange     '10.2.3',
30 silly addNameRange     '10.2.4',
30 silly addNameRange     '10.2.5',
30 silly addNameRange     '10.2.6',
30 silly addNameRange     '11.0.0',
30 silly addNameRange     '11.0.1',
30 silly addNameRange     '11.1.0',
30 silly addNameRange     '11.2.0',
30 silly addNameRange     '12.0.0',
30 silly addNameRange     '12.0.1',
30 silly addNameRange     '12.0.2',
30 silly addNameRange     '13.0.0' ] ]
31 verbose addNamed [ 'browserify', '13.0.0' ]
32 verbose addNamed [ '13.0.0', '13.0.0' ]
33 silly lockFile b1a0c2fd-browserify-13-0-0 browserify@13.0.0
34 verbose lock browserify@13.0.0 /home/fernando/.npm/b1a0c2fd-browserify-13-0-0.lock
35 silly lockFile 9aed22b8-browserify-browserify-13-0-0-tgz http://registry.npmjs.org/browserify/-/browserify-13.0.0.tgz
36 verbose lock http://registry.npmjs.org/browserify/-/browserify-13.0.0.tgz /home/fernando/.npm/9aed22b8-browserify-browserify-13-0-0-tgz.lock
37 verbose addRemoteTarball [ 'http://registry.npmjs.org/browserify/-/browserify-13.0.0.tgz',
37 verbose addRemoteTarball   '8f223bb24ff4ee4335e6bea9671de294e43ba6a3' ]
38 info retry fetch attempt 1 at 01:30:01
39 verbose fetch to= /tmp/npm-5140-UroHOMsN/registry.npmjs.org/browserify/-/browserify-13.0.0.tgz
40 http GET http://registry.npmjs.org/browserify/-/browserify-13.0.0.tgz
41 http 200 http://registry.npmjs.org/browserify/-/browserify-13.0.0.tgz
42 silly lockFile 9aed22b8-browserify-browserify-13-0-0-tgz http://registry.npmjs.org/browserify/-/browserify-13.0.0.tgz
43 silly lockFile 9aed22b8-browserify-browserify-13-0-0-tgz http://registry.npmjs.org/browserify/-/browserify-13.0.0.tgz
44 silly lockFile b1a0c2fd-browserify-13-0-0 browserify@13.0.0
45 silly lockFile b1a0c2fd-browserify-13-0-0 browserify@13.0.0
46 silly lockFile 80140245-browserify browserify@
47 silly lockFile 80140245-browserify browserify@
48 silly resolved [ { name: 'browserify',
48 silly resolved     version: '13.0.0',
48 silly resolved     description: 'browser-side require() the node way',
48 silly resolved     main: 'index.js',
48 silly resolved     bin: { browserify: 'bin/cmd.js' },
48 silly resolved     repository:
48 silly resolved      { type: 'git',
48 silly resolved        url: 'git+ssh://git@github.com/substack/node-browserify.git' },
48 silly resolved     keywords:
48 silly resolved      [ 'browser',
48 silly resolved        'require',
48 silly resolved        'commonjs',
48 silly resolved        'commonj-esque',
48 silly resolved        'bundle',
48 silly resolved        'npm',
48 silly resolved        'javascript' ],
48 silly resolved     dependencies:
48 silly resolved      { JSONStream: '^1.0.3',
48 silly resolved        assert: '~1.3.0',
48 silly resolved        'browser-pack': '^6.0.1',
48 silly resolved        'browser-resolve': '^1.11.0',
48 silly resolved        'browserify-zlib': '~0.1.2',
48 silly resolved        buffer: '^4.1.0',
48 silly resolved        'concat-stream': '~1.5.1',
48 silly resolved        'console-browserify': '^1.1.0',
48 silly resolved        'constants-browserify': '~1.0.0',
48 silly resolved        'crypto-browserify': '^3.0.0',
48 silly resolved        defined: '^1.0.0',
48 silly resolved        'deps-sort': '^2.0.0',
48 silly resolved        'domain-browser': '~1.1.0',
48 silly resolved        duplexer2: '~0.1.2',
48 silly resolved        events: '~1.1.0',
48 silly resolved        glob: '^5.0.15',
48 silly resolved        has: '^1.0.0',
48 silly resolved        htmlescape: '^1.1.0',
48 silly resolved        'stream-http': '^2.0.0',
48 silly resolved        'https-browserify': '~0.0.0',
48 silly resolved        inherits: '~2.0.1',
48 silly resolved        'insert-module-globals': '^7.0.0',
48 silly resolved        isarray: '0.0.1',
48 silly resolved        'labeled-stream-splicer': '^2.0.0',
48 silly resolved        'module-deps': '^4.0.2',
48 silly resolved        'os-browserify': '~0.1.1',
48 silly resolved        parents: '^1.0.1',
48 silly resolved        'path-browserify': '~0.0.0',
48 silly resolved        process: '~0.11.0',
48 silly resolved        punycode: '^1.3.2',
48 silly resolved        'querystring-es3': '~0.2.0',
48 silly resolved        'read-only-stream': '^2.0.0',
48 silly resolved        'readable-stream': '^2.0.2',
48 silly resolved        resolve: '^1.1.4',
48 silly resolved        shasum: '^1.0.0',
48 silly resolved        'shell-quote': '^1.4.3',
48 silly resolved        'stream-browserify': '^2.0.0',
48 silly resolved        string_decoder: '~0.10.0',
48 silly resolved        subarg: '^1.0.0',
48 silly resolved        'syntax-error': '^1.1.1',
48 silly resolved        through2: '^2.0.0',
48 silly resolved        'timers-browserify': '^1.0.1',
48 silly resolved        'tty-browserify': '~0.0.0',
48 silly resolved        url: '~0.11.0',
48 silly resolved        util: '~0.10.1',
48 silly resolved        'vm-browserify': '~0.0.1',
48 silly resolved        xtend: '^4.0.0' },
48 silly resolved     devDependencies:
48 silly resolved      { backbone: '~0.9.2',
48 silly resolved        'browser-unpack': '^1.1.1',
48 silly resolved        'coffee-script': '~1.10.0',
48 silly resolved        coffeeify: '~1.1.0',
48 silly resolved        es6ify: '~0.4.8',
48 silly resolved        isstream: '^0.1.2',
48 silly resolved        seq: '0.3.5',
48 silly resolved        tap: '^2.2.0',
48 silly resolved        temp: '^0.8.1',
48 silly resolved        through: '^2.3.4' },
48 silly resolved     author:
48 silly resolved      { name: 'James Halliday',
48 silly resolved        email: 'mail@substack.net',
48 silly resolved        url: 'http://substack.net' },
48 silly resolved     scripts: { test: 'tap test/*.js' },
48 silly resolved     license: 'MIT',
48 silly resolved     gitHead: '5b82a2f1bc061cb47ff4aa7c702ed79fc20effa8',
48 silly resolved     bugs: { url: 'https://github.com/substack/node-browserify/issues' },
48 silly resolved     homepage: 'https://github.com/substack/node-browserify#readme',
48 silly resolved     _id: 'browserify@13.0.0',
48 silly resolved     _shasum: '8f223bb24ff4ee4335e6bea9671de294e43ba6a3',
48 silly resolved     _from: 'browserify@',
48 silly resolved     _npmVersion: '2.14.7',
48 silly resolved     _nodeVersion: '4.2.3',
48 silly resolved     _npmUser: { name: 'feross', email: 'feross@feross.org' },
48 silly resolved     dist:
48 silly resolved      { shasum: '8f223bb24ff4ee4335e6bea9671de294e43ba6a3',
48 silly resolved        tarball: 'http://registry.npmjs.org/browserify/-/browserify-13.0.0.tgz' },
48 silly resolved     maintainers:
48 silly resolved      [ [Object],
48 silly resolved        [Object],
48 silly resolved        [Object],
48 silly resolved        [Object],
48 silly resolved        [Object],
48 silly resolved        [Object],
48 silly resolved        [Object],
48 silly resolved        [Object],
48 silly resolved        [Object],
48 silly resolved        [Object],
48 silly resolved        [Object] ],
48 silly resolved     directories: {},
48 silly resolved     _resolved: 'http://registry.npmjs.org/browserify/-/browserify-13.0.0.tgz' } ]
49 info install browserify@13.0.0 into /usr/lib
50 info installOne browserify@13.0.0
51 verbose lib/node_modules/browserify unbuild
52 verbose tar unpack /home/fernando/.npm/browserify/13.0.0/package.tgz
53 silly lockFile f2d2c9e5--usr-lib-node-modules-browserify tar:///usr/lib/node_modules/browserify
54 verbose lock tar:///usr/lib/node_modules/browserify /home/fernando/.npm/f2d2c9e5--usr-lib-node-modules-browserify.lock
55 silly lockFile 1eef2ab9-pm-browserify-13-0-0-package-tgz tar:///home/fernando/.npm/browserify/13.0.0/package.tgz
56 verbose lock tar:///home/fernando/.npm/browserify/13.0.0/package.tgz /home/fernando/.npm/1eef2ab9-pm-browserify-13-0-0-package-tgz.lock
57 silly gunzTarPerm modes [ '775', '664' ]
58 error Error: EACCES, mkdir '/usr/lib/node_modules/browserify'
58 error  { [Error: EACCES, mkdir '/usr/lib/node_modules/browserify']
58 error   errno: 3,
58 error   code: 'EACCES',
58 error   path: '/usr/lib/node_modules/browserify',
58 error   fstream_type: 'Directory',
58 error   fstream_path: '/usr/lib/node_modules/browserify',
58 error   fstream_class: 'DirWriter',
58 error   fstream_stack:
58 error    [ '/usr/lib/node_modules/npm/node_modules/fstream/lib/dir-writer.js:36:23',
58 error      '/usr/lib/node_modules/npm/node_modules/mkdirp/index.js:46:53',
58 error      'Object.oncomplete (fs.js:108:15)' ] }
59 error Please try running this command again as root/Administrator.
60 error System Linux 3.13.0-32-generic
61 error command "/usr/bin/node" "/usr/bin/npm" "install" "-g" "browserify"
62 error cwd /home/fernando/Documentos/programacion/javascript/markerdrawing
63 error node -v v0.10.36
64 error npm -v 1.4.28
65 error path /usr/lib/node_modules/browserify
66 error fstream_path /usr/lib/node_modules/browserify
67 error fstream_type Directory
68 error fstream_class DirWriter
69 error code EACCES
70 error errno 3
71 error stack Error: EACCES, mkdir '/usr/lib/node_modules/browserify'
72 error fstream_stack /usr/lib/node_modules/npm/node_modules/fstream/lib/dir-writer.js:36:23
72 error fstream_stack /usr/lib/node_modules/npm/node_modules/mkdirp/index.js:46:53
72 error fstream_stack Object.oncomplete (fs.js:108:15)
73 verbose exit [ 3, true ]
